<?xml version="1.0" encoding="UTF-8"?>
<testng-results skipped="0" failed="0" ignored="0" total="1" passed="1">
  <reporter-output>
  </reporter-output>
  <suite name="Default suite" duration-ms="14362" started-at="2022-03-12T06:09:50Z" finished-at="2022-03-12T06:10:04Z">
    <groups>
    </groups>
    <test name="Default test" duration-ms="14362" started-at="2022-03-12T06:09:50Z" finished-at="2022-03-12T06:10:04Z">
      <class name="org.pages.MainPage">
        <test-method status="PASS" signature="beforClass()[pri:0, instance:org.pages.MainPage@6ac13091]" name="beforClass" is-config="true" duration-ms="6711" started-at="2022-03-12T11:39:50Z" finished-at="2022-03-12T11:39:57Z">
          <reporter-output>
          </reporter-output>
        </test-method> <!-- beforClass -->
        <test-method status="PASS" signature="beforeMethod()[pri:0, instance:org.pages.MainPage@6ac13091]" name="beforeMethod" is-config="true" duration-ms="17" started-at="2022-03-12T11:39:57Z" finished-at="2022-03-12T11:39:57Z">
          <reporter-output>
          </reporter-output>
        </test-method> <!-- beforeMethod -->
        <test-method status="PASS" signature="test1()[pri:0, instance:org.pages.MainPage@6ac13091]" name="test1" duration-ms="5733" started-at="2022-03-12T11:39:57Z" finished-at="2022-03-12T11:40:03Z">
          <reporter-output>
          </reporter-output>
        </test-method> <!-- test1 -->
        <test-method status="PASS" signature="afterMethod()[pri:0, instance:org.pages.MainPage@6ac13091]" name="afterMethod" is-config="true" duration-ms="0" started-at="2022-03-12T11:40:03Z" finished-at="2022-03-12T11:40:03Z">
          <reporter-output>
          </reporter-output>
        </test-method> <!-- afterMethod -->
        <test-method status="PASS" signature="afterClass()[pri:0, instance:org.pages.MainPage@6ac13091]" name="afterClass" is-config="true" duration-ms="1682" started-at="2022-03-12T11:40:03Z" finished-at="2022-03-12T11:40:04Z">
          <reporter-output>
          </reporter-output>
        </test-method> <!-- afterClass -->
      </class> <!-- org.pages.MainPage -->
    </test> <!-- Default test -->
  </suite> <!-- Default suite -->
</testng-results>
